Using pre-set license
Built from '2021.1/staging' branch; Version is '2021.1.2f1 (e5d502d80fbb) revision 15062274'; Using compiler version '192528614'; Build Type 'Release'
OS: 'Windows 10 Enterprise; OS build 18363.2274; Version 1909; 64bit' Language: 'en' Physical Memory: 16263 MB
BatchMode: 1, IsHumanControllingUs: 0, StartBugReporterOnCrash: 0, Is64bit: 1, IsPro: 0

 COMMAND LINE ARGUMENTS:
C:\Program Files\Unity\Hub\Editor\2021.1.2f1\Editor\Unity.exe
-adb2
-batchMode
-noUpm
-name
AssetImportWorker2
-projectPath
C:/Users/romero.miles/Documents/GitHub/New-Game/New Unity Project
-logFile
Logs/AssetImportWorker2.log
-srvPort
50953
Successfully changed project path to: C:/Users/romero.miles/Documents/GitHub/New-Game/New Unity Project
C:/Users/romero.miles/Documents/GitHub/New-Game/New Unity Project
Using Asset Import Pipeline V2.
Refreshing native plugins compatible for Editor in 169.62 ms, found 2 plugins.
Preloading 0 native plugins for Editor in 0.00 ms.
Initialize engine version: 2021.1.2f1 (e5d502d80fbb)
[Subsystems] Discovering subsystems at path C:/Program Files/Unity/Hub/Editor/2021.1.2f1/Editor/Data/Resources/UnitySubsystems
[Subsystems] Discovering subsystems at path C:/Users/romero.miles/Documents/GitHub/New-Game/New Unity Project/Assets
GfxDevice: creating device client; threaded=0; jobified=0
Direct3D:
    Version:  Direct3D 11.0 [level 11.1]
    Renderer: Intel(R) UHD Graphics 620 (ID=0x5917)
    Vendor:   Intel
    VRAM:     8131 MB
    Driver:   30.0.101.1338
Initialize mono
Mono path[0] = 'C:/Program Files/Unity/Hub/Editor/2021.1.2f1/Editor/Data/Managed'
Mono path[1] = 'C:/Program Files/Unity/Hub/Editor/2021.1.2f1/Editor/Data/MonoBleedingEdge/lib/mono/unityjit'
Mono config path = 'C:/Program Files/Unity/Hub/Editor/2021.1.2f1/Editor/Data/MonoBleedingEdge/etc'
Using monoOptions --debugger-agent=transport=dt_socket,embedding=1,server=y,suspend=n,address=127.0.0.1:56800
Begin MonoManager ReloadAssembly
Registering precompiled unity dll's ...
Register platform support module: C:/Program Files/Unity/Hub/Editor/2021.1.2f1/Editor/Data/PlaybackEngines/WindowsStandaloneSupport/UnityEditor.WindowsStandalone.Extensions.dll
Registered in 0.004409 seconds.
Native extension for WindowsStandalone target not found
Refreshing native plugins compatible for Editor in 133.22 ms, found 2 plugins.
Preloading 0 native plugins for Editor in 0.00 ms.
Mono: successfully reloaded assembly
- Completed reload, in  2.720 seconds
Platform modules already initialized, skipping
Registering precompiled user dll's ...
Registered in 0.021965 seconds.
Begin MonoManager ReloadAssembly
Native extension for WindowsStandalone target not found
Refreshing native plugins compatible for Editor in 311.80 ms, found 2 plugins.
Preloading 0 native plugins for Editor in 0.00 ms.
Mono: successfully reloaded assembly
- Completed reload, in  8.893 seconds
Platform modules already initialized, skipping
========================================================================
Worker process is ready to serve import requests
Launched and connected shader compiler UnityShaderCompiler.exe after 0.44 seconds
Refreshing native plugins compatible for Editor in 1.24 ms, found 2 plugins.
Preloading 0 native plugins for Editor in 0.00 ms.
Unloading 3366 Unused Serialized files (Serialized files now loaded: 0)
System memory in use before: 127.6 MB.
System memory in use after: 127.7 MB.

Unloading 29 unused Assets to reduce memory usage. Loaded Objects now: 3818.
Total: 6.144200 ms (FindLiveObjects: 0.508200 ms CreateObjectMapping: 0.371700 ms MarkObjects: 5.008900 ms  DeleteObjects: 0.253100 ms)

========================================================================
Received Import Request.
  path: Assets/Sprites
  artifactKey: Guid(75b2d06d0f3fd934bbf1aa28a2c4cd97) Importer(815301076,1909f56bfc062723c751e8b465ee728b)
Start importing Assets/Sprites using Guid(75b2d06d0f3fd934bbf1aa28a2c4cd97) Importer(815301076,1909f56bfc062723c751e8b465ee728b)  -> (artifact id: '1216483cf5013991c4d242bc4e1bc440') in 0.022607 seconds 
========================================================================
Received Import Request.
  Time since last request: 1035.196357 seconds.
  path: Assets/Sprites/Mario_Climb.png
  artifactKey: Guid(7a734ed171d27424caefe84e495f0469) Importer(815301076,1909f56bfc062723c751e8b465ee728b)
Start importing Assets/Sprites/Mario_Climb.png using Guid(7a734ed171d27424caefe84e495f0469) Importer(815301076,1909f56bfc062723c751e8b465ee728b)  -> (artifact id: '4cfbcb1d983b70c60656d15190fe4205') in 0.253441 seconds 
========================================================================
Received Import Request.
  Time since last request: 0.713520 seconds.
  path: Assets/Sprites/Mario_Run1.png
  artifactKey: Guid(b1570b6abb28e9346b0b53a9c0b1cb8d) Importer(815301076,1909f56bfc062723c751e8b465ee728b)
Start importing Assets/Sprites/Mario_Run1.png using Guid(b1570b6abb28e9346b0b53a9c0b1cb8d) Importer(815301076,1909f56bfc062723c751e8b465ee728b)  -> (artifact id: '5125f64295082b15453f11ac8c8e9b07') in 0.045749 seconds 
========================================================================
Received Import Request.
  Time since last request: 2.640183 seconds.
  path: Assets/Sprites/Barrel.png
  artifactKey: Guid(30d18b359fcd7a84498ec120c491da67) Importer(815301076,1909f56bfc062723c751e8b465ee728b)
Start importing Assets/Sprites/Barrel.png using Guid(30d18b359fcd7a84498ec120c491da67) Importer(815301076,1909f56bfc062723c751e8b465ee728b)  -> (artifact id: 'd416d82a8daa0fd172302b2dcade42c6') in 0.035298 seconds 
========================================================================
Received Import Request.
  Time since last request: 0.000468 seconds.
  path: Assets/Sprites/Mario_Run2.png
  artifactKey: Guid(c5ef25d9da37a0940b1b3a5a8690071d) Importer(815301076,1909f56bfc062723c751e8b465ee728b)
Start importing Assets/Sprites/Mario_Run2.png using Guid(c5ef25d9da37a0940b1b3a5a8690071d) Importer(815301076,1909f56bfc062723c751e8b465ee728b)  -> (artifact id: '2fa7a79a5d4f106a877a13a8fc052866') in 0.040642 seconds 
========================================================================
Received Import Request.
  Time since last request: 0.000458 seconds.
  path: Assets/Sprites/Princess.png
  artifactKey: Guid(4a28d1a7a065f3b42a5b435f210de348) Importer(815301076,1909f56bfc062723c751e8b465ee728b)
Start importing Assets/Sprites/Princess.png using Guid(4a28d1a7a065f3b42a5b435f210de348) Importer(815301076,1909f56bfc062723c751e8b465ee728b)  -> (artifact id: 'b2290f6dea31c1df90350a14406e9ba6') in 0.041208 seconds 
========================================================================
Received Import Request.
  Time since last request: 0.000448 seconds.
  path: Assets/Sprites/Mario_Run3.png
  artifactKey: Guid(b667e94726d27a343985f75e12fabe74) Importer(815301076,1909f56bfc062723c751e8b465ee728b)
Start importing Assets/Sprites/Mario_Run3.png using Guid(b667e94726d27a343985f75e12fabe74) Importer(815301076,1909f56bfc062723c751e8b465ee728b)  -> (artifact id: '19d586c92c68dd30b947914e04d75bb7') in 0.035234 seconds 
========================================================================
Received Import Request.
  Time since last request: 0.000408 seconds.
  path: Assets/Sprites/Ladder.png
  artifactKey: Guid(77c555348f6cc5641b2cfd37d9eebe4e) Importer(815301076,1909f56bfc062723c751e8b465ee728b)
Start importing Assets/Sprites/Ladder.png using Guid(77c555348f6cc5641b2cfd37d9eebe4e) Importer(815301076,1909f56bfc062723c751e8b465ee728b)  -> (artifact id: 'c266a4c2736d17600ea02b170335296b') in 0.037123 seconds 
========================================================================
Received Import Request.
  Time since last request: 0.000457 seconds.
  path: Assets/Sprites/Platform.png
  artifactKey: Guid(db2337f6335023340be17a7458d47952) Importer(815301076,1909f56bfc062723c751e8b465ee728b)
Start importing Assets/Sprites/Platform.png using Guid(db2337f6335023340be17a7458d47952) Importer(815301076,1909f56bfc062723c751e8b465ee728b)  -> (artifact id: '0b4665d939a1d17367c828d197f1196c') in 0.039895 seconds 
